[debug] [2025-02-27T09:08:30.029Z] ----------------------------------------------------------------------
[debug] [2025-02-27T09:08:30.032Z] Command:       C:\Program Files\nodejs\node.exe C:\Users\priya\AppData\Roaming\npm\node_modules\firebase-tools\lib\bin\firebase.js init
[debug] [2025-02-27T09:08:30.032Z] CLI Version:   13.31.2
[debug] [2025-02-27T09:08:30.032Z] Platform:      win32
[debug] [2025-02-27T09:08:30.032Z] Node Version:  v22.5.1
[debug] [2025-02-27T09:08:30.032Z] Time:          Thu Feb 27 2025 14:38:30 GMT+0530 (India Standard Time)
[debug] [2025-02-27T09:08:30.033Z] ----------------------------------------------------------------------
[debug] 
[debug] [2025-02-27T09:08:30.036Z] >>> [apiv2][query] GET https://firebase-public.firebaseio.com/cli.json [none]
[debug] [2025-02-27T09:08:30.079Z] > command requires scopes: ["email","openid","https://www.googleapis.com/auth/cloudplatformprojects.readonly","https://www.googleapis.com/auth/firebase","https://www.googleapis.com/auth/cloud-platform"]
[debug] [2025-02-27T09:08:30.080Z] > authorizing via signed-in user (at.priyankar@gmail.com)
[info] 
     ######## #### ########  ######## ########     ###     ######  ########
     ##        ##  ##     ## ##       ##     ##  ##   ##  ##       ##
     ######    ##  ########  ######   ########  #########  ######  ######
     ##        ##  ##    ##  ##       ##     ## ##     ##       ## ##
     ##       #### ##     ## ######## ########  ##     ##  ######  ########

You're about to initialize a Firebase project in this directory:

  D:\main project\pesu\atm

[debug] [2025-02-27T09:08:30.765Z] <<< [apiv2][status] GET https://firebase-public.firebaseio.com/cli.json 200
[debug] [2025-02-27T09:08:30.766Z] <<< [apiv2][body] GET https://firebase-public.firebaseio.com/cli.json {"cloudBuildErrorAfter":1594252800000,"cloudBuildWarnAfter":1590019200000,"defaultNode10After":1594252800000,"minVersion":"3.0.5","node8DeploysDisabledAfter":1613390400000,"node8RuntimeDisabledAfter":1615809600000,"node8WarnAfter":1600128000000}
